<testsuites id="" name="" tests="5" failures="0" skipped="0" errors="0" time="5.606952">
<testsuite name="todo-app.spec.js" timestamp="2025-07-24T02:26:41.975Z" hostname="chromium" tests="5" failures="0" skipped="0" time="2.251" errors="0">
<testcase name="Todo App UI Tests › should fail login with invalid credentials" classname="todo-app.spec.js" time="0.668">
</testcase>
<testcase name="Todo App UI Tests › should login successfully with valid credentials" classname="todo-app.spec.js" time="0.866">
</testcase>
<testcase name="Todo App UI Tests › should create a new todo item" classname="todo-app.spec.js" time="0.641">
</testcase>
<testcase name="Todo App UI Tests › should delete a todo item" classname="todo-app.spec.js" time="0.05">
</testcase>
<testcase name="Todo App UI Tests › should display all expected UI elements after actions" classname="todo-app.spec.js" time="0.026">
</testcase>
</testsuite>
</testsuites>